# JRE version: OpenJDK Runtime Environment (8.0_152-b02) (build 1.8.0_152-release-1024-b02)
# Java VM: OpenJDK 64-Bit Server VM (25.152-b02 mixed mode windows-amd64 compressed oops)
Heap:
 PSYoungGen      total 125952K, used 94576K [0x00000006ea800000, 0x00000006f5900000, 0x00000007c0000000)
  eden space 112640K, 72% used [0x00000006ea800000,0x00000006ef837418,0x00000006f1600000)
  from space 13312K, 93% used [0x00000006f1600000,0x00000006f2224c90,0x00000006f2300000)
  to   space 14848K, 65% used [0x00000006f4a80000,0x00000006f5407520,0x00000006f5900000)
 ParOldGen       total 136704K, used 16708K [0x000000053f800000, 0x0000000547d80000, 0x00000006ea800000)
  object space 136704K, 12% used [0x000000053f800000,0x0000000540851150,0x0000000547d80000)
 Metaspace       used 48477K, capacity 49526K, committed 49624K, reserved 1095680K
  class space    used 6551K, capacity 6848K, committed 6912K, reserved 1048576K
GC Heap History (10 events):
Event: 7.520 GC heap before
{Heap before GC invocations=5 (full 1):
 PSYoungGen      total 57344K, used 49152K [0x00000006ea800000, 0x00000006f1080000, 0x00000007c0000000)
  eden space 49152K, 100% used [0x00000006ea800000,0x00000006ed800000,0x00000006ed800000)
  from space 8192K, 0% used [0x00000006ed800000,0x00000006ed800000,0x00000006ee000000)
  to   space 8192K, 0% used [0x00000006f0880000,0x00000006f0880000,0x00000006f1080000)
 ParOldGen       total 84992K, used 10753K [0x000000053f800000, 0x0000000544b00000, 0x00000006ea800000)
  object space 84992K, 12% used [0x000000053f800000,0x0000000540280770,0x0000000544b00000)
 Metaspace       used 25506K, capacity 25946K, committed 26240K, reserved 1071104K
  class space    used 3489K, capacity 3644K, committed 3712K, reserved 1048576K
Event: 7.526 GC heap after
Heap after GC invocations=5 (full 1):
 PSYoungGen      total 80384K, used 5465K [0x00000006ea800000, 0x00000006f0e00000, 0x00000007c0000000)
  eden space 74752K, 0% used [0x00000006ea800000,0x00000006ea800000,0x00000006ef100000)
  from space 5632K, 97% used [0x00000006f0880000,0x00000006f0dd6408,0x00000006f0e00000)
  to   space 8192K, 0% used [0x00000006efe00000,0x00000006efe00000,0x00000006f0600000)
 ParOldGen       total 84992K, used 10761K [0x000000053f800000, 0x0000000544b00000, 0x00000006ea800000)
  object space 84992K, 12% used [0x000000053f800000,0x0000000540282770,0x0000000544b00000)
 Metaspace       used 25506K, capacity 25946K, committed 26240K, reserved 1071104K
  class space    used 3489K, capacity 3644K, committed 3712K, reserved 1048576K
}
Event: 9.152 GC heap before
{Heap before GC invocations=6 (full 1):
 PSYoungGen      total 80384K, used 80217K [0x00000006ea800000, 0x00000006f0e00000, 0x00000007c0000000)
  eden space 74752K, 100% used [0x00000006ea800000,0x00000006ef100000,0x00000006ef100000)
  from space 5632K, 97% used [0x00000006f0880000,0x00000006f0dd6408,0x00000006f0e00000)
  to   space 8192K, 0% used [0x00000006efe00000,0x00000006efe00000,0x00000006f0600000)
 ParOldGen       total 84992K, used 10761K [0x000000053f800000, 0x0000000544b00000, 0x00000006ea800000)
  object space 84992K, 12% used [0x000000053f800000,0x0000000540282770,0x0000000544b00000)
 Metaspace       used 29706K, capacity 30176K, committed 30464K, reserved 1075200K
  class space    used 4150K, capacity 4305K, committed 4352K, reserved 1048576K
Event: 9.164 GC heap after
Heap after GC invocations=6 (full 1):
 PSYoungGen      total 96256K, used 8173K [0x00000006ea800000, 0x00000006f2f80000, 0x00000007c0000000)
  eden space 88064K, 0% used [0x00000006ea800000,0x00000006ea800000,0x00000006efe00000)
  from space 8192K, 99% used [0x00000006efe00000,0x00000006f05fb4a0,0x00000006f0600000)
  to   space 12800K, 0% used [0x00000006f2300000,0x00000006f2300000,0x00000006f2f80000)
 ParOldGen       total 84992K, used 11653K [0x000000053f800000, 0x0000000544b00000, 0x00000006ea800000)
  object space 84992K, 13% used [0x000000053f800000,0x0000000540361730,0x0000000544b00000)
 Metaspace       used 29706K, capacity 30176K, committed 30464K, reserved 1075200K
  class space    used 4150K, capacity 4305K, committed 4352K, reserved 1048576K
}
Event: 9.914 GC heap before
{Heap before GC invocations=7 (full 1):
 PSYoungGen      total 96256K, used 41844K [0x00000006ea800000, 0x00000006f2f80000, 0x00000007c0000000)
  eden space 88064K, 38% used [0x00000006ea800000,0x00000006ec8e1e60,0x00000006efe00000)
  from space 8192K, 99% used [0x00000006efe00000,0x00000006f05fb4a0,0x00000006f0600000)
  to   space 12800K, 0% used [0x00000006f2300000,0x00000006f2300000,0x00000006f2f80000)
 ParOldGen       total 84992K, used 11653K [0x000000053f800000, 0x0000000544b00000, 0x00000006ea800000)
  object space 84992K, 13% used [0x000000053f800000,0x0000000540361730,0x0000000544b00000)
 Metaspace       used 34768K, capacity 35280K, committed 35416K, reserved 1079296K
  class space    used 4762K, capacity 4950K, committed 4992K, reserved 1048576K
Event: 9.925 GC heap after
Heap after GC invocations=7 (full 1):
 PSYoungGen      total 125440K, used 10011K [0x00000006ea800000, 0x00000006f4800000, 0x00000007c0000000)
  eden space 112640K, 0% used [0x00000006ea800000,0x00000006ea800000,0x00000006f1600000)
  from space 12800K, 78% used [0x00000006f2300000,0x00000006f2cc6c08,0x00000006f2f80000)
  to   space 13312K, 0% used [0x00000006f1600000,0x00000006f1600000,0x00000006f2300000)
 ParOldGen       total 84992K, used 11661K [0x000000053f800000, 0x0000000544b00000, 0x00000006ea800000)
  object space 84992K, 13% used [0x000000053f800000,0x0000000540363730,0x0000000544b00000)
 Metaspace       used 34768K, capacity 35280K, committed 35416K, reserved 1079296K
  class space    used 4762K, capacity 4950K, committed 4992K, reserved 1048576K
}
Event: 9.925 GC heap before
{Heap before GC invocations=8 (full 2):
 PSYoungGen      total 125440K, used 10011K [0x00000006ea800000, 0x00000006f4800000, 0x00000007c0000000)
  eden space 112640K, 0% used [0x00000006ea800000,0x00000006ea800000,0x00000006f1600000)
  from space 12800K, 78% used [0x00000006f2300000,0x00000006f2cc6c08,0x00000006f2f80000)
  to   space 13312K, 0% used [0x00000006f1600000,0x00000006f1600000,0x00000006f2300000)
 ParOldGen       total 84992K, used 11661K [0x000000053f800000, 0x0000000544b00000, 0x00000006ea800000)
  object space 84992K, 13% used [0x000000053f800000,0x0000000540363730,0x0000000544b00000)
 Metaspace       used 34768K, capacity 35280K, committed 35416K, reserved 1079296K
  class space    used 4762K, capacity 4950K, committed 4992K, reserved 1048576K
Event: 10.028 GC heap after
Heap after GC invocations=8 (full 2):
 PSYoungGen      total 125440K, used 0K [0x00000006ea800000, 0x00000006f4800000, 0x00000007c0000000)
  eden space 112640K, 0% used [0x00000006ea800000,0x00000006ea800000,0x00000006f1600000)
  from space 12800K, 0% used [0x00000006f2300000,0x00000006f2300000,0x00000006f2f80000)
  to   space 13312K, 0% used [0x00000006f1600000,0x00000006f1600000,0x00000006f2300000)
 ParOldGen       total 136704K, used 16628K [0x000000053f800000, 0x0000000547d80000, 0x00000006ea800000)
  object space 136704K, 12% used [0x000000053f800000,0x000000054083d140,0x0000000547d80000)
 Metaspace       used 34768K, capacity 35280K, committed 35416K, reserved 1079296K
  class space    used 4762K, capacity 4950K, committed 4992K, reserved 1048576K
}
Event: 12.248 GC heap before
{Heap before GC invocations=9 (full 2):
 PSYoungGen      total 125440K, used 112640K [0x00000006ea800000, 0x00000006f4800000, 0x00000007c0000000)
  eden space 112640K, 100% used [0x00000006ea800000,0x00000006f1600000,0x00000006f1600000)
  from space 12800K, 0% used [0x00000006f2300000,0x00000006f2300000,0x00000006f2f80000)
  to   space 13312K, 0% used [0x00000006f1600000,0x00000006f1600000,0x00000006f2300000)
 ParOldGen       total 136704K, used 16628K [0x000000053f800000, 0x0000000547d80000, 0x00000006ea800000)
  object space 136704K, 12% used [0x000000053f800000,0x000000054083d140,0x0000000547d80000)
 Metaspace       used 41187K, capacity 41920K, committed 42200K, reserved 1085440K
  class space    used 5605K, capacity 5847K, committed 5888K, reserved 1048576K
Event: 12.264 GC heap after
Heap after GC invocations=9 (full 2):
 PSYoungGen      total 125952K, used 12435K [0x00000006ea800000, 0x00000006f5900000, 0x00000007c0000000)
  eden space 112640K, 0% used [0x00000006ea800000,0x00000006ea800000,0x00000006f1600000)
  from space 13312K, 93% used [0x00000006f1600000,0x00000006f2224c90,0x00000006f2300000)
  to   space 14848K, 0% used [0x00000006f4a80000,0x00000006f4a80000,0x00000006f5900000)
 ParOldGen       total 136704K, used 16636K [0x000000053f800000, 0x0000000547d80000, 0x00000006ea800000)
  object space 136704K, 12% used [0x000000053f800000,0x000000054083f140,0x0000000547d80000)
 Metaspace       used 41187K, capacity 41920K, committed 42200K, reserved 1085440K
  class space    used 5605K, capacity 5847K, committed 5888K, reserved 1048576K
}

