# JRE version: OpenJDK Runtime Environment (8.0_152-b02) (build 1.8.0_152-release-1024-b02)
# Java VM: OpenJDK 64-Bit Server VM (25.152-b02 mixed mode windows-amd64 compressed oops)
Heap:
 PSYoungGen      total 179712K, used 107022K [0x00000006ea800000, 0x00000006f6780000, 0x00000007c0000000)
  eden space 163328K, 62% used [0x00000006ea800000,0x00000006f0b98a98,0x00000006f4780000)
  from space 16384K, 30% used [0x00000006f4780000,0x00000006f4c6b070,0x00000006f5780000)
  to   space 12800K, 0% used [0x00000006f5b00000,0x00000006f5b00000,0x00000006f6780000)
 ParOldGen       total 131584K, used 32401K [0x000000053f800000, 0x0000000547880000, 0x00000006ea800000)
  object space 131584K, 24% used [0x000000053f800000,0x00000005417a4550,0x0000000547880000)
 Metaspace       used 64064K, capacity 65846K, committed 65940K, reserved 1105920K
  class space    used 8648K, capacity 9066K, committed 9148K, reserved 1048576K
GC Heap History (10 events):
Event: 55.931 GC heap before
{Heap before GC invocations=14 (full 2):
 PSYoungGen      total 116736K, used 84353K [0x00000006ea800000, 0x00000006f4d00000, 0x00000007c0000000)
  eden space 101376K, 71% used [0x00000006ea800000,0x00000006eee540b0,0x00000006f0b00000)
  from space 15360K, 80% used [0x00000006f0b00000,0x00000006f170c548,0x00000006f1a00000)
  to   space 15872K, 0% used [0x00000006f3d80000,0x00000006f3d80000,0x00000006f4d00000)
 ParOldGen       total 86016K, used 25523K [0x000000053f800000, 0x0000000544c00000, 0x00000006ea800000)
  object space 86016K, 29% used [0x000000053f800000,0x00000005410ece90,0x0000000544c00000)
 Metaspace       used 57395K, capacity 59012K, committed 59028K, reserved 1099776K
  class space    used 7737K, capacity 8117K, committed 8124K, reserved 1048576K
Event: 55.946 GC heap after
Heap after GC invocations=14 (full 2):
 PSYoungGen      total 145920K, used 2955K [0x00000006ea800000, 0x00000006f4a00000, 0x00000007c0000000)
  eden space 133120K, 0% used [0x00000006ea800000,0x00000006ea800000,0x00000006f2a00000)
  from space 12800K, 23% used [0x00000006f3d80000,0x00000006f4062ca0,0x00000006f4a00000)
  to   space 16384K, 0% used [0x00000006f2a00000,0x00000006f2a00000,0x00000006f3a00000)
 ParOldGen       total 86016K, used 31668K [0x000000053f800000, 0x0000000544c00000, 0x00000006ea800000)
  object space 86016K, 36% used [0x000000053f800000,0x00000005416ed370,0x0000000544c00000)
 Metaspace       used 57395K, capacity 59012K, committed 59028K, reserved 1099776K
  class space    used 7737K, capacity 8117K, committed 8124K, reserved 1048576K
}
Event: 55.946 GC heap before
{Heap before GC invocations=15 (full 3):
 PSYoungGen      total 145920K, used 2955K [0x00000006ea800000, 0x00000006f4a00000, 0x00000007c0000000)
  eden space 133120K, 0% used [0x00000006ea800000,0x00000006ea800000,0x00000006f2a00000)
  from space 12800K, 23% used [0x00000006f3d80000,0x00000006f4062ca0,0x00000006f4a00000)
  to   space 16384K, 0% used [0x00000006f2a00000,0x00000006f2a00000,0x00000006f3a00000)
 ParOldGen       total 86016K, used 31668K [0x000000053f800000, 0x0000000544c00000, 0x00000006ea800000)
  object space 86016K, 36% used [0x000000053f800000,0x00000005416ed370,0x0000000544c00000)
 Metaspace       used 57395K, capacity 59012K, committed 59028K, reserved 1099776K
  class space    used 7737K, capacity 8117K, committed 8124K, reserved 1048576K
Event: 56.285 GC heap after
Heap after GC invocations=15 (full 3):
 PSYoungGen      total 145920K, used 0K [0x00000006ea800000, 0x00000006f4a00000, 0x00000007c0000000)
  eden space 133120K, 0% used [0x00000006ea800000,0x00000006ea800000,0x00000006f2a00000)
  from space 12800K, 0% used [0x00000006f3d80000,0x00000006f3d80000,0x00000006f4a00000)
  to   space 16384K, 0% used [0x00000006f2a00000,0x00000006f2a00000,0x00000006f3a00000)
 ParOldGen       total 131584K, used 32385K [0x000000053f800000, 0x0000000547880000, 0x00000006ea800000)
  object space 131584K, 24% used [0x000000053f800000,0x00000005417a0550,0x0000000547880000)
 Metaspace       used 57395K, capacity 59012K, committed 59028K, reserved 1099776K
  class space    used 7737K, capacity 8117K, committed 8124K, reserved 1048576K
}
Event: 59.633 GC heap before
{Heap before GC invocations=16 (full 3):
 PSYoungGen      total 145920K, used 133120K [0x00000006ea800000, 0x00000006f4a00000, 0x00000007c0000000)
  eden space 133120K, 100% used [0x00000006ea800000,0x00000006f2a00000,0x00000006f2a00000)
  from space 12800K, 0% used [0x00000006f3d80000,0x00000006f3d80000,0x00000006f4a00000)
  to   space 16384K, 0% used [0x00000006f2a00000,0x00000006f2a00000,0x00000006f3a00000)
 ParOldGen       total 131584K, used 32385K [0x000000053f800000, 0x0000000547880000, 0x00000006ea800000)
  object space 131584K, 24% used [0x000000053f800000,0x00000005417a0550,0x0000000547880000)
 Metaspace       used 61347K, capacity 63076K, committed 63252K, reserved 1103872K
  class space    used 8291K, capacity 8709K, committed 8764K, reserved 1048576K
Event: 59.648 GC heap after
Heap after GC invocations=16 (full 3):
 PSYoungGen      total 149504K, used 10715K [0x00000006ea800000, 0x00000006f6b00000, 0x00000007c0000000)
  eden space 133120K, 0% used [0x00000006ea800000,0x00000006ea800000,0x00000006f2a00000)
  from space 16384K, 65% used [0x00000006f2a00000,0x00000006f3476c08,0x00000006f3a00000)
  to   space 16384K, 0% used [0x00000006f5b00000,0x00000006f5b00000,0x00000006f6b00000)
 ParOldGen       total 131584K, used 32393K [0x000000053f800000, 0x0000000547880000, 0x00000006ea800000)
  object space 131584K, 24% used [0x000000053f800000,0x00000005417a2550,0x0000000547880000)
 Metaspace       used 61347K, capacity 63076K, committed 63252K, reserved 1103872K
  class space    used 8291K, capacity 8709K, committed 8764K, reserved 1048576K
}
Event: 64.433 GC heap before
{Heap before GC invocations=17 (full 3):
 PSYoungGen      total 149504K, used 143835K [0x00000006ea800000, 0x00000006f6b00000, 0x00000007c0000000)
  eden space 133120K, 100% used [0x00000006ea800000,0x00000006f2a00000,0x00000006f2a00000)
  from space 16384K, 65% used [0x00000006f2a00000,0x00000006f3476c08,0x00000006f3a00000)
  to   space 16384K, 0% used [0x00000006f5b00000,0x00000006f5b00000,0x00000006f6b00000)
 ParOldGen       total 131584K, used 32393K [0x000000053f800000, 0x0000000547880000, 0x00000006ea800000)
  object space 131584K, 24% used [0x000000053f800000,0x00000005417a2550,0x0000000547880000)
 Metaspace       used 63279K, capacity 64964K, committed 65300K, reserved 1105920K
  class space    used 8541K, capacity 8933K, committed 9020K, reserved 1048576K
Event: 64.444 GC heap after
Heap after GC invocations=17 (full 3):
 PSYoungGen      total 176128K, used 5531K [0x00000006ea800000, 0x00000006f6780000, 0x00000007c0000000)
  eden space 163328K, 0% used [0x00000006ea800000,0x00000006ea800000,0x00000006f4780000)
  from space 12800K, 43% used [0x00000006f5b00000,0x00000006f6066d68,0x00000006f6780000)
  to   space 16384K, 0% used [0x00000006f4780000,0x00000006f4780000,0x00000006f5780000)
 ParOldGen       total 131584K, used 32393K [0x000000053f800000, 0x0000000547880000, 0x00000006ea800000)
  object space 131584K, 24% used [0x000000053f800000,0x00000005417a2550,0x0000000547880000)
 Metaspace       used 63279K, capacity 64964K, committed 65300K, reserved 1105920K
  class space    used 8541K, capacity 8933K, committed 9020K, reserved 1048576K
}
Event: 78.188 GC heap before
{Heap before GC invocations=18 (full 3):
 PSYoungGen      total 176128K, used 168859K [0x00000006ea800000, 0x00000006f6780000, 0x00000007c0000000)
  eden space 163328K, 100% used [0x00000006ea800000,0x00000006f4780000,0x00000006f4780000)
  from space 12800K, 43% used [0x00000006f5b00000,0x00000006f6066d68,0x00000006f6780000)
  to   space 16384K, 0% used [0x00000006f4780000,0x00000006f4780000,0x00000006f5780000)
 ParOldGen       total 131584K, used 32393K [0x000000053f800000, 0x0000000547880000, 0x00000006ea800000)
  object space 131584K, 24% used [0x000000053f800000,0x00000005417a2550,0x0000000547880000)
 Metaspace       used 64058K, capacity 65814K, committed 65940K, reserved 1105920K
  class space    used 8647K, capacity 9034K, committed 9148K, reserved 1048576K
Event: 78.197 GC heap after
Heap after GC invocations=18 (full 3):
 PSYoungGen      total 179712K, used 5036K [0x00000006ea800000, 0x00000006f6780000, 0x00000007c0000000)
  eden space 163328K, 0% used [0x00000006ea800000,0x00000006ea800000,0x00000006f4780000)
  from space 16384K, 30% used [0x00000006f4780000,0x00000006f4c6b070,0x00000006f5780000)
  to   space 12800K, 0% used [0x00000006f5b00000,0x00000006f5b00000,0x00000006f6780000)
 ParOldGen       total 131584K, used 32401K [0x000000053f800000, 0x0000000547880000, 0x00000006ea800000)
  object space 131584K, 24% used [0x000000053f800000,0x00000005417a4550,0x0000000547880000)
 Metaspace       used 64058K, capacity 65814K, committed 65940K, reserved 1105920K
  class space    used 8647K, capacity 9034K, committed 9148K, reserved 1048576K
}

